Using pre-set license
Built from '2022.3/china_unity/release' branch; Version is '2022.3.20f1c1 (82a5dab7aa2a) revision 8562138'; Using compiler version '192829333'; Build Type 'Release'
OS: 'Windows 10  (10.0.19045) 64bit CoreCountrySpecific' Language: 'zh' Physical Memory: 16110 MB
BatchMode: 1, IsHumanControllingUs: 0, StartBugReporterOnCrash: 0, Is64bit: 1, IsPro: 1

COMMAND LINE ARGUMENTS:
E:\Unity\2022.3.20f1c1\Editor\Unity.exe
-adb2
-batchMode
-noUpm
-name
AssetImportWorker2
-projectPath
F:/Unity/Unity files/4_Shader/GGj_2025_2D
-logFile
Logs/AssetImportWorker2.log
-srvPort
55810
Successfully changed project path to: F:/Unity/Unity files/4_Shader/GGj_2025_2D
F:/Unity/Unity files/4_Shader/GGj_2025_2D
[UnityMemory] Configuration Parameters - Can be set up in boot.config
    "memorysetup-bucket-allocator-granularity=16"
    "memorysetup-bucket-allocator-bucket-count=8"
    "memorysetup-bucket-allocator-block-size=33554432"
    "memorysetup-bucket-allocator-block-count=8"
    "memorysetup-main-allocator-block-size=16777216"
    "memorysetup-thread-allocator-block-size=16777216"
    "memorysetup-gfx-main-allocator-block-size=16777216"
    "memorysetup-gfx-thread-allocator-block-size=16777216"
    "memorysetup-cache-allocator-block-size=4194304"
    "memorysetup-typetree-allocator-block-size=2097152"
    "memorysetup-profiler-bucket-allocator-granularity=16"
    "memorysetup-profiler-bucket-allocator-bucket-count=8"
    "memorysetup-profiler-bucket-allocator-block-size=33554432"
    "memorysetup-profiler-bucket-allocator-block-count=8"
    "memorysetup-profiler-allocator-block-size=16777216"
    "memorysetup-profiler-editor-allocator-block-size=1048576"
    "memorysetup-temp-allocator-size-main=16777216"
    "memorysetup-job-temp-allocator-block-size=2097152"
    "memorysetup-job-temp-allocator-block-size-background=1048576"
    "memorysetup-job-temp-allocator-reduction-small-platforms=262144"
    "memorysetup-allocator-temp-initial-block-size-main=262144"
    "memorysetup-allocator-temp-initial-block-size-worker=262144"
    "memorysetup-temp-allocator-size-background-worker=32768"
    "memorysetup-temp-allocator-size-job-worker=262144"
    "memorysetup-temp-allocator-size-preload-manager=33554432"
    "memorysetup-temp-allocator-size-nav-mesh-worker=65536"
    "memorysetup-temp-allocator-size-audio-worker=65536"
    "memorysetup-temp-allocator-size-cloud-worker=32768"
    "memorysetup-temp-allocator-size-gi-baking-worker=262144"
    "memorysetup-temp-allocator-size-gfx=262144"
Player connection [30220] Host "[IP] 10.0.0.210 [Port] 0 [Flags] 2 [Guid] 2217382903 [EditorId] 2217382903 [Version] 1048832 [Id] WindowsEditor(7,DESKTOP-CUEOEU5) [Debug] 1 [PackageName] WindowsEditor [ProjectName] Editor" joined multi-casting on [225.0.0.222:54997]...

Player connection [30220] Host "[IP] 10.0.0.210 [Port] 0 [Flags] 2 [Guid] 2217382903 [EditorId] 2217382903 [Version] 1048832 [Id] WindowsEditor(7,DESKTOP-CUEOEU5) [Debug] 1 [PackageName] WindowsEditor [ProjectName] Editor" joined alternative multi-casting on [225.0.0.222:34997]...

[Physics::Module] Initialized MultithreadedJobDispatcher with 11 workers.
Refreshing native plugins compatible for Editor in 22.41 ms, found 4 plugins.
Preloading 0 native plugins for Editor in 0.00 ms.
Initialize engine version: 2022.3.20f1c1 (82a5dab7aa2a)
[Subsystems] Discovering subsystems at path E:/Unity/2022.3.20f1c1/Editor/Data/Resources/UnitySubsystems
[Subsystems] Discovering subsystems at path F:/Unity/Unity files/4_Shader/GGj_2025_2D/Assets
GfxDevice: creating device client; threaded=0; jobified=0
Direct3D:
    Version:  Direct3D 11.0 [level 11.1]
    Renderer: NVIDIA GeForce RTX 3050 Laptop GPU (ID=0x25a2)
    Vendor:   NVIDIA
    VRAM:     3964 MB
    Driver:   32.0.15.5612
Initialize mono
Mono path[0] = 'E:/Unity/2022.3.20f1c1/Editor/Data/Managed'
Mono path[1] = 'E:/Unity/2022.3.20f1c1/Editor/Data/MonoBleedingEdge/lib/mono/unityjit-win32'
Mono config path = 'E:/Unity/2022.3.20f1c1/Editor/Data/MonoBleedingEdge/etc'
Using monoOptions --debugger-agent=transport=dt_socket,embedding=1,server=y,suspend=n,address=127.0.0.1:56760
Begin MonoManager ReloadAssembly
Registering precompiled unity dll's ...
Register platform support module: E:/Unity/2022.3.20f1c1/Editor/Data/PlaybackEngines/WebGLSupport/UnityEditor.WebGL.Extensions.dll
Register platform support module: E:/Unity/2022.3.20f1c1/Editor/Data/PlaybackEngines/WindowsStandaloneSupport/UnityEditor.WindowsStandalone.Extensions.dll
Registered in 0.007875 seconds.
- Loaded All Assemblies, in  1.103 seconds
Native extension for WindowsStandalone target not found
Native extension for WebGL target not found
Mono: successfully reloaded assembly
- Finished resetting the current domain, in  0.344 seconds
Domain Reload Profiling: 1445ms
	BeginReloadAssembly (105ms)
		ExecutionOrderSort (0ms)
		DisableScriptedObjects (0ms)
		BackupInstance (0ms)
		ReleaseScriptingObjects (0ms)
		CreateAndSetChildDomain (1ms)
	RebuildCommonClasses (190ms)
	RebuildNativeTypeToScriptingClass (10ms)
	initialDomainReloadingComplete (56ms)
	LoadAllAssembliesAndSetupDomain (740ms)
		LoadAssemblies (102ms)
		RebuildTransferFunctionScriptingTraits (0ms)
		AnalyzeDomain (738ms)
			TypeCache.Refresh (736ms)
				TypeCache.ScanAssembly (717ms)
			ScanForSourceGeneratedMonoScriptInfo (0ms)
			ResolveRequiredComponents (1ms)
	FinalizeReload (345ms)
		ReleaseScriptCaches (0ms)
		RebuildScriptCaches (0ms)
		SetupLoadedEditorAssemblies (268ms)
			LogAssemblyErrors (0ms)
			InitializePlatformSupportModulesInManaged (13ms)
			SetLoadedEditorAssemblies (9ms)
			RefreshPlugins (0ms)
			BeforeProcessingInitializeOnLoad (3ms)
			ProcessInitializeOnLoadAttributes (176ms)
			ProcessInitializeOnLoadMethodAttributes (67ms)
			AfterProcessingInitializeOnLoad (0ms)
			EditorAssembliesLoaded (0ms)
		ExecutionOrderSort2 (0ms)
		AwakeInstancesAfterBackupRestoration (0ms)
========================================================================
Worker process is ready to serve import requests
Begin MonoManager ReloadAssembly
- Loaded All Assemblies, in  0.903 seconds
Refreshing native plugins compatible for Editor in 5.73 ms, found 4 plugins.
Native extension for WindowsStandalone target not found
Native extension for WebGL target not found
Mono: successfully reloaded assembly
- Finished resetting the current domain, in  1.038 seconds
Domain Reload Profiling: 1935ms
	BeginReloadAssembly (196ms)
		ExecutionOrderSort (0ms)
		DisableScriptedObjects (7ms)
		BackupInstance (0ms)
		ReleaseScriptingObjects (0ms)
		CreateAndSetChildDomain (31ms)
	RebuildCommonClasses (69ms)
	RebuildNativeTypeToScriptingClass (12ms)
	initialDomainReloadingComplete (53ms)
	LoadAllAssembliesAndSetupDomain (566ms)
		LoadAssemblies (419ms)
		RebuildTransferFunctionScriptingTraits (0ms)
		AnalyzeDomain (261ms)
			TypeCache.Refresh (220ms)
				TypeCache.ScanAssembly (148ms)
			ScanForSourceGeneratedMonoScriptInfo (27ms)
			ResolveRequiredComponents (11ms)
	FinalizeReload (1038ms)
		ReleaseScriptCaches (0ms)
		RebuildScriptCaches (0ms)
		SetupLoadedEditorAssemblies (871ms)
			LogAssemblyErrors (0ms)
			InitializePlatformSupportModulesInManaged (6ms)
			SetLoadedEditorAssemblies (7ms)
			RefreshPlugins (0ms)
			BeforeProcessingInitializeOnLoad (170ms)
			ProcessInitializeOnLoadAttributes (610ms)
			ProcessInitializeOnLoadMethodAttributes (71ms)
			AfterProcessingInitializeOnLoad (7ms)
			EditorAssembliesLoaded (0ms)
		ExecutionOrderSort2 (0ms)
		AwakeInstancesAfterBackupRestoration (6ms)
Launched and connected shader compiler UnityShaderCompiler.exe after 0.15 seconds
Refreshing native plugins compatible for Editor in 7.36 ms, found 4 plugins.
Preloading 0 native plugins for Editor in 0.00 ms.
Unloading 5766 Unused Serialized files (Serialized files now loaded: 0)
Unloading 104 unused Assets / (0.9 MB). Loaded Objects now: 6213.
Memory consumption went from 224.2 MB to 223.3 MB.
Total: 4.469400 ms (FindLiveObjects: 0.591700 ms CreateObjectMapping: 0.348300 ms MarkObjects: 3.122200 ms  DeleteObjects: 0.406200 ms)

AssetImportParameters requested are different than current active one (requested -> active):
  custom:container-demuxer-ogg: 62fdf1f143b41e24485cea50d1cbac27 -> 
  custom:video-codec-MediaFoundation-h265: 746d11721c4dcdbdad8f713fa42b33f4 -> 
  custom:scripting/monoscript/fileName/All1CreateUnifiedOutline.cs: 9177c731c034f969046f45026a369caf -> 03d13e915d779f7c502da5c7c55506c3
  custom:video-decoder-ogg-theora: a1e56fd34408186e4bbccfd4996cb3dc -> 
  custom:scripting/monoscript/fileName/DemoRandomColorSwap.cs: fba14ae75837931e4af84b6e2a72ef49 -> 
  custom:framework-win-MediaFoundation: 216162199b28c13a410421893ffa2e32 -> 
  custom:scripting/monoscript/fileName/RandomSeed.cs: 66e918895f751f18fe77664865f21209 -> 447b66d7cc5d437a51df31c8301e7783
  custom:scripting/monoscript/fileName/Demo2AutoScroll.cs: 652d61f6c16b15c0f205f0df8b923019 -> 
  custom:scripting/monoscript/fileName/AllIn1SpriteShaderMaterialInspector.cs: 3f5a07605f69fb0e1b77e2bffecc894f -> 0234bfd78a89e191cae5fd39d812931d
  custom:CustomObjectIndexerAttribute: 62b5816608c3102f162a1797e29626cf -> 
  custom:scripting/monoscript/fileName/All1ShaderDemoController.cs: 681c7767996b9a768921bb170a02c2d4 -> 
  custom:container-demuxer-webm: 4f35f7cbe854078d1ac9338744f61a02 -> 
  custom:scripting/monoscript/fileName/All1TextureOffsetOverTime.cs: 9d6d78cbd86979c109d38c452837426a -> 
  custom:container-muxer-webm: aa71ff27fc2769a1b78a27578f13a17b -> 
  custom:video-decoder-webm-vp8: 9c59270c3fd7afecdb556c50c9e8de78 -> 
  custom:scripting/monoscript/fileName/AllIn1ShaderWindow.cs: 46dcccaa547e428511542a29115f1d8c -> 0f7140fee06cc7eb199bfa0ec6b2a594
  custom:SearchIndexIgnoredProperties: e643bd26f0fe6173181afceb89e7c659 -> 
  custom:scripting/monoscript/fileName/AllIn1ScrollProperty.cs: f32340ce9cdf4ecde48ebaf351fa8f30 -> 
  custom:AudioImporter_EditorPlatform: d09bf68614088b80899f8185d706f6e7 -> 
  custom:scripting/monoscript/fileName/AllIn1SpriteShaderUiMaskMaterialInspector.cs: 306fe06aba287348d992bd9ae961888e -> a7945e8474cbc852edffa99ad32f3fb2
  custom:scripting/monoscript/fileName/SetGlobalTimeNew.cs: 6e2336a11695d7a60ecc5bb39f862ef3 -> 8c85c07f302a82f7249485358430aa2c
  custom:scripting/monoscript/fileName/DemoItem.cs: 1330d0b699d30526e71564616b546cac -> 
  custom:scripting/monoscript/fileName/SetGlobalTimeUnity2018.cs: 5ba5fe477af27eabd4893b74f24066a4 -> 6a73944e830ec2e199fa4dfcc4d6c834
  custom:scripting/monoscript/fileName/DemoRepositionExpositor.cs: 08a65d351d5c9410b49d3ca6df247613 -> 
  custom:scripting/monoscript/fileName/DemoCamera.cs: bd7691752934ee84f7e35d0b368b6a8a -> 
  custom:video-encoder-webm-vp8: eb34c28f22e8b96e1ab97ce403110664 -> 
  custom:audio-decoder-ogg-vorbis: bf7c407c2cedff20999df2af8eb42d56 -> 
  custom:scripting/monoscript/fileName/DemoCircleExpositor.cs: 974c849bba013422bc16847abf1f8138 -> 
  custom:scripting/monoscript/fileName/AllIn1ShaderScriptEditor.cs: c2068916860c54ac53375cbf926622ea -> c3f7aae3fb844bdc120a5dbb83427cdd
  custom:scripting/monoscript/fileName/AllIn1ShaderGradientDrawer.cs: fac617c25016525cae4ce6f8dbfe1124 -> 3b07611b5b927980f02131247f520f59
  custom:scripting/monoscript/fileName/SetAtlasUvs.cs: 46814bd5a11c094d45125808b29a0db5 -> f91fd7151d9be39bfb9ed3351b881a79
  custom:scripting/monoscript/fileName/AllIn1Shader.cs: e21a3ac3362430a80f87f0cf00635871 -> 132f0938b9545cca7d7a4fc498c8d934
  custom:audio-encoder-webm-vorbis: bf7c407c2cedff20999df2af8eb42d56 -> 
========================================================================
Received Import Request.
  Time since last request: 18741.040374 seconds.
  path: Assets/Plugins/Demigiant/DOTween/Editor/Imgs/Header.jpg
  artifactKey: Guid(78a59ca99f8987941adb61f9e14a06a7) Importer(815301076,1909f56bfc062723c751e8b465ee728b)
Start importing Assets/Plugins/Demigiant/DOTween/Editor/Imgs/Header.jpg using Guid(78a59ca99f8987941adb61f9e14a06a7) Importer(815301076,1909f56bfc062723c751e8b465ee728b)  -> (artifact id: '16b9d7bff61d1c5ef92a77b422bf512c') in 0.090564 seconds
Number of updated asset objects reloaded before import = 0
Number of asset objects unloaded after import = 2
========================================================================
Received Prepare
Begin MonoManager ReloadAssembly
- Loaded All Assemblies, in  0.765 seconds
Refreshing native plugins compatible for Editor in 6.98 ms, found 4 plugins.
Native extension for WindowsStandalone target not found
Native extension for WebGL target not found
Mono: successfully reloaded assembly
- Finished resetting the current domain, in  2.475 seconds
Domain Reload Profiling: 3234ms
	BeginReloadAssembly (236ms)
		ExecutionOrderSort (0ms)
		DisableScriptedObjects (13ms)
		BackupInstance (0ms)
		ReleaseScriptingObjects (0ms)
		CreateAndSetChildDomain (71ms)
	RebuildCommonClasses (51ms)
	RebuildNativeTypeToScriptingClass (15ms)
	initialDomainReloadingComplete (40ms)
	LoadAllAssembliesAndSetupDomain (417ms)
		LoadAssemblies (467ms)
		RebuildTransferFunctionScriptingTraits (0ms)
		AnalyzeDomain (58ms)
			TypeCache.Refresh (15ms)
				TypeCache.ScanAssembly (2ms)
			ScanForSourceGeneratedMonoScriptInfo (32ms)
			ResolveRequiredComponents (10ms)
	FinalizeReload (2476ms)
		ReleaseScriptCaches (0ms)
		RebuildScriptCaches (0ms)
		SetupLoadedEditorAssemblies (965ms)
			LogAssemblyErrors (0ms)
			InitializePlatformSupportModulesInManaged (9ms)
			SetLoadedEditorAssemblies (10ms)
			RefreshPlugins (0ms)
			BeforeProcessingInitializeOnLoad (200ms)
			ProcessInitializeOnLoadAttributes (655ms)
			ProcessInitializeOnLoadMethodAttributes (83ms)
			AfterProcessingInitializeOnLoad (7ms)
			EditorAssembliesLoaded (1ms)
		ExecutionOrderSort2 (0ms)
		AwakeInstancesAfterBackupRestoration (18ms)
Refreshing native plugins compatible for Editor in 9.28 ms, found 4 plugins.
Preloading 0 native plugins for Editor in 0.00 ms.
Unloading 5614 Unused Serialized files (Serialized files now loaded: 0)
Unloading 78 unused Assets / (0.9 MB). Loaded Objects now: 6211.
Memory consumption went from 202.3 MB to 201.4 MB.
Total: 6.001600 ms (FindLiveObjects: 0.609300 ms CreateObjectMapping: 0.422500 ms MarkObjects: 4.535200 ms  DeleteObjects: 0.433100 ms)

Prepare: number of updated asset objects reloaded= 3
AssetImportParameters requested are different than current active one (requested -> active):
  custom:container-demuxer-ogg: 62fdf1f143b41e24485cea50d1cbac27 -> 
  custom:video-codec-MediaFoundation-h265: 746d11721c4dcdbdad8f713fa42b33f4 -> 
  custom:scripting/monoscript/fileName/All1CreateUnifiedOutline.cs: 9177c731c034f969046f45026a369caf -> 03d13e915d779f7c502da5c7c55506c3
  custom:video-decoder-ogg-theora: a1e56fd34408186e4bbccfd4996cb3dc -> 
  custom:scripting/monoscript/fileName/DemoRandomColorSwap.cs: fba14ae75837931e4af84b6e2a72ef49 -> 
  custom:framework-win-MediaFoundation: 216162199b28c13a410421893ffa2e32 -> 
  custom:scripting/monoscript/fileName/RandomSeed.cs: 66e918895f751f18fe77664865f21209 -> 447b66d7cc5d437a51df31c8301e7783
  custom:scripting/monoscript/fileName/Demo2AutoScroll.cs: 652d61f6c16b15c0f205f0df8b923019 -> 
  custom:scripting/monoscript/fileName/AllIn1SpriteShaderMaterialInspector.cs: 3f5a07605f69fb0e1b77e2bffecc894f -> 0234bfd78a89e191cae5fd39d812931d
  custom:CustomObjectIndexerAttribute: 62b5816608c3102f162a1797e29626cf -> 
  custom:scripting/monoscript/fileName/All1ShaderDemoController.cs: 681c7767996b9a768921bb170a02c2d4 -> 
  custom:container-demuxer-webm: 4f35f7cbe854078d1ac9338744f61a02 -> 
  custom:scripting/monoscript/fileName/All1TextureOffsetOverTime.cs: 9d6d78cbd86979c109d38c452837426a -> 
  custom:container-muxer-webm: aa71ff27fc2769a1b78a27578f13a17b -> 
  custom:video-decoder-webm-vp8: 9c59270c3fd7afecdb556c50c9e8de78 -> 
  custom:scripting/monoscript/fileName/AllIn1ShaderWindow.cs: 46dcccaa547e428511542a29115f1d8c -> 0f7140fee06cc7eb199bfa0ec6b2a594
  custom:SearchIndexIgnoredProperties: e643bd26f0fe6173181afceb89e7c659 -> 
  custom:scripting/monoscript/fileName/AllIn1ScrollProperty.cs: f32340ce9cdf4ecde48ebaf351fa8f30 -> 
  custom:AudioImporter_EditorPlatform: d09bf68614088b80899f8185d706f6e7 -> 
  custom:scripting/monoscript/fileName/AllIn1SpriteShaderUiMaskMaterialInspector.cs: 306fe06aba287348d992bd9ae961888e -> a7945e8474cbc852edffa99ad32f3fb2
  custom:scripting/monoscript/fileName/SetGlobalTimeNew.cs: 6e2336a11695d7a60ecc5bb39f862ef3 -> 8c85c07f302a82f7249485358430aa2c
  custom:scripting/monoscript/fileName/DemoItem.cs: 1330d0b699d30526e71564616b546cac -> 
  custom:scripting/monoscript/fileName/SetGlobalTimeUnity2018.cs: 5ba5fe477af27eabd4893b74f24066a4 -> 6a73944e830ec2e199fa4dfcc4d6c834
  custom:scripting/monoscript/fileName/DemoRepositionExpositor.cs: 08a65d351d5c9410b49d3ca6df247613 -> 
  custom:scripting/monoscript/fileName/DemoCamera.cs: bd7691752934ee84f7e35d0b368b6a8a -> 
  custom:video-encoder-webm-vp8: eb34c28f22e8b96e1ab97ce403110664 -> 
  custom:audio-decoder-ogg-vorbis: bf7c407c2cedff20999df2af8eb42d56 -> 
  custom:scripting/monoscript/fileName/DemoCircleExpositor.cs: 974c849bba013422bc16847abf1f8138 -> 
  custom:scripting/monoscript/fileName/AllIn1ShaderScriptEditor.cs: c2068916860c54ac53375cbf926622ea -> c3f7aae3fb844bdc120a5dbb83427cdd
  custom:scripting/monoscript/fileName/AllIn1ShaderGradientDrawer.cs: fac617c25016525cae4ce6f8dbfe1124 -> 3b07611b5b927980f02131247f520f59
  custom:scripting/monoscript/fileName/SetAtlasUvs.cs: 46814bd5a11c094d45125808b29a0db5 -> f91fd7151d9be39bfb9ed3351b881a79
  custom:scripting/monoscript/fileName/AllIn1Shader.cs: e21a3ac3362430a80f87f0cf00635871 -> 132f0938b9545cca7d7a4fc498c8d934
  custom:audio-encoder-webm-vorbis: bf7c407c2cedff20999df2af8eb42d56 -> 
========================================================================
Received Prepare
Assembly with name 'AllIn1SpriteShaderAssembly' already exists (Assets/AllIn1SpriteShader/AllIn1SpriteShaderAssembly.asmdef)
Assembly with name 'AllIn1SpriteShaderAssembly' already exists (Assets/Plugins/AllIn1SpriteShader/AllIn1SpriteShaderAssembly.asmdef)
Assembly with name 'AllIn1SpriteShaderAssembly' already exists (Assets/AllIn1SpriteShader/AllIn1SpriteShaderAssembly.asmdef)
Assembly with name 'AllIn1SpriteShaderAssembly' already exists (Assets/Plugins/AllIn1SpriteShader/AllIn1SpriteShaderAssembly.asmdef)
Begin MonoManager ReloadAssembly
- Loaded All Assemblies, in  0.843 seconds
Refreshing native plugins compatible for Editor in 8.44 ms, found 4 plugins.
Native extension for WindowsStandalone target not found
Native extension for WebGL target not found
Assembly with name 'AllIn1SpriteShaderAssembly' already exists (Assets/AllIn1SpriteShader/AllIn1SpriteShaderAssembly.asmdef)
Assembly with name 'AllIn1SpriteShaderAssembly' already exists (Assets/Plugins/AllIn1SpriteShader/AllIn1SpriteShaderAssembly.asmdef)
Mono: successfully reloaded assembly
- Finished resetting the current domain, in  2.118 seconds
Domain Reload Profiling: 2954ms
	BeginReloadAssembly (222ms)
		ExecutionOrderSort (0ms)
		DisableScriptedObjects (15ms)
		BackupInstance (0ms)
		ReleaseScriptingObjects (0ms)
		CreateAndSetChildDomain (61ms)
	RebuildCommonClasses (50ms)
	RebuildNativeTypeToScriptingClass (19ms)
	initialDomainReloadingComplete (50ms)
	LoadAllAssembliesAndSetupDomain (494ms)
		LoadAssemblies (542ms)
		RebuildTransferFunctionScriptingTraits (0ms)
		AnalyzeDomain (64ms)
			TypeCache.Refresh (15ms)
				TypeCache.ScanAssembly (2ms)
			ScanForSourceGeneratedMonoScriptInfo (31ms)
			ResolveRequiredComponents (16ms)
	FinalizeReload (2119ms)
		ReleaseScriptCaches (0ms)
		RebuildScriptCaches (0ms)
		SetupLoadedEditorAssemblies (1103ms)
			LogAssemblyErrors (0ms)
			InitializePlatformSupportModulesInManaged (8ms)
			SetLoadedEditorAssemblies (11ms)
			RefreshPlugins (0ms)
			BeforeProcessingInitializeOnLoad (237ms)
			ProcessInitializeOnLoadAttributes (750ms)
			ProcessInitializeOnLoadMethodAttributes (89ms)
			AfterProcessingInitializeOnLoad (8ms)
			EditorAssembliesLoaded (0ms)
		ExecutionOrderSort2 (0ms)
		AwakeInstancesAfterBackupRestoration (20ms)
Refreshing native plugins compatible for Editor in 9.52 ms, found 4 plugins.
Preloading 0 native plugins for Editor in 0.00 ms.
Unloading 5637 Unused Serialized files (Serialized files now loaded: 0)
Unloading 70 unused Assets / (1.2 MB). Loaded Objects now: 6233.
Memory consumption went from 205.4 MB to 204.1 MB.
Total: 6.225200 ms (FindLiveObjects: 0.535200 ms CreateObjectMapping: 0.401200 ms MarkObjects: 4.266600 ms  DeleteObjects: 1.019700 ms)

Prepare: number of updated asset objects reloaded= 0
AssetImportParameters requested are different than current active one (requested -> active):
  custom:container-demuxer-ogg: 62fdf1f143b41e24485cea50d1cbac27 -> 
  custom:video-codec-MediaFoundation-h265: 746d11721c4dcdbdad8f713fa42b33f4 -> 
  custom:scripting/monoscript/fileName/All1CreateUnifiedOutline.cs: 9177c731c034f969046f45026a369caf -> dff7a02b0d54d20f98f5310bafe6a7af
  custom:video-decoder-ogg-theora: a1e56fd34408186e4bbccfd4996cb3dc -> 
  custom:scripting/monoscript/fileName/DemoRandomColorSwap.cs: e55779a3b0490bd1d7b7a1281238acad -> 35bd5eee12b32f4922f947eab8e16676
  custom:framework-win-MediaFoundation: 216162199b28c13a410421893ffa2e32 -> 
  custom:scripting/monoscript/fileName/RandomSeed.cs: 66e918895f751f18fe77664865f21209 -> 31c281429808a6bef880757466921f63
  custom:scripting/monoscript/fileName/Demo2AutoScroll.cs: 2fad509e6f223322014118655e93cd40 -> 542ce2c767b85355c47224ab78e181b9
  custom:scripting/monoscript/fileName/AllIn1SpriteShaderMaterialInspector.cs: 3f5a07605f69fb0e1b77e2bffecc894f -> 6f392e57497cff8826e8de7616c7e173
  custom:CustomObjectIndexerAttribute: 62b5816608c3102f162a1797e29626cf -> 
  custom:scripting/monoscript/fileName/All1ShaderDemoController.cs: 1aa939fdfcc743215b44da80c688fa62 -> d9dabbde5ca8f6b74df0463257bd7c4d
  custom:container-demuxer-webm: 4f35f7cbe854078d1ac9338744f61a02 -> 
  custom:scripting/monoscript/fileName/All1TextureOffsetOverTime.cs: c0c0bb9c1af7693c76c089f392a156e0 -> 15af89cabb0331faab18afe595bc1c30
  custom:container-muxer-webm: aa71ff27fc2769a1b78a27578f13a17b -> 
  custom:video-decoder-webm-vp8: 9c59270c3fd7afecdb556c50c9e8de78 -> 
  custom:scripting/monoscript/fileName/AllIn1ShaderWindow.cs: 46dcccaa547e428511542a29115f1d8c -> ad28510c9554634cb4f4adbfc7d7ca85
  custom:SearchIndexIgnoredProperties: e643bd26f0fe6173181afceb89e7c659 -> 
  custom:scripting/monoscript/fileName/AllIn1ScrollProperty.cs: a8310b50fa4a1556fe9eec1f0ac52a2b -> 2a6fed8d4f093187d2fe4a7c4b21f87f
  custom:AudioImporter_EditorPlatform: d09bf68614088b80899f8185d706f6e7 -> 
  custom:scripting/monoscript/fileName/AllIn1SpriteShaderUiMaskMaterialInspector.cs: 306fe06aba287348d992bd9ae961888e -> ef61fd915fa30a65866a32345b2ba2ec
  custom:scripting/monoscript/fileName/SetGlobalTimeNew.cs: 6e2336a11695d7a60ecc5bb39f862ef3 -> 1f1c0fea06d217555c6eef6d8fb9d227
  custom:scripting/monoscript/fileName/DemoItem.cs: bb139b88ea33ed0f97561af5daa70d20 -> 92466f791e001803b4ebb0b8f8311d63
  custom:scripting/monoscript/fileName/SetGlobalTimeUnity2018.cs: 5ba5fe477af27eabd4893b74f24066a4 -> 2eb6788504548690940fd370d2e826a8
  custom:scripting/monoscript/fileName/DemoRepositionExpositor.cs: 22e98fd62a25d62c7ab9059b7859543d -> ebcc1963275364625eeb43a16ef8fad9
  custom:scripting/monoscript/fileName/DemoCamera.cs: 9e43145d7ac8f53bf7d6d8092374fd27 -> 747ac9bde6d692624d26c0c315fd4ff6
  custom:video-encoder-webm-vp8: eb34c28f22e8b96e1ab97ce403110664 -> 
  custom:audio-decoder-ogg-vorbis: bf7c407c2cedff20999df2af8eb42d56 -> 
  custom:scripting/monoscript/fileName/DemoCircleExpositor.cs: 38d4ec0ee3782d44e7a027de2ece8e2f -> 01e20d4d48683dfae52f410e05995206
  custom:scripting/monoscript/fileName/AllIn1ShaderScriptEditor.cs: c2068916860c54ac53375cbf926622ea -> 6f705b5b4fa261b4f4cc6a77eacdd89b
  custom:scripting/monoscript/fileName/AllIn1ShaderGradientDrawer.cs: fac617c25016525cae4ce6f8dbfe1124 -> 8a1b20b4c4f9f235970218c45fd39810
  custom:scripting/monoscript/fileName/SetAtlasUvs.cs: 46814bd5a11c094d45125808b29a0db5 -> 264c3b631da59a39362ee8c75c20361a
  custom:scripting/monoscript/fileName/AllIn1Shader.cs: e21a3ac3362430a80f87f0cf00635871 -> 1efee71310b5185d23a3167dc3d29db1
  custom:audio-encoder-webm-vorbis: bf7c407c2cedff20999df2af8eb42d56 -> 
========================================================================
Received Prepare
Assembly with name 'AllIn1SpriteShaderAssembly' already exists (Assets/AllIn1SpriteShader/AllIn1SpriteShaderAssembly.asmdef)
Assembly with name 'AllIn1SpriteShaderAssembly' already exists (Assets/Plugins/AllIn1SpriteShader/AllIn1SpriteShaderAssembly.asmdef)
Assembly with name 'AllIn1SpriteShaderAssembly' already exists (Assets/AllIn1SpriteShader/AllIn1SpriteShaderAssembly.asmdef)
Assembly with name 'AllIn1SpriteShaderAssembly' already exists (Assets/Plugins/AllIn1SpriteShader/AllIn1SpriteShaderAssembly.asmdef)
Begin MonoManager ReloadAssembly
- Loaded All Assemblies, in  0.919 seconds
Refreshing native plugins compatible for Editor in 6.04 ms, found 4 plugins.
Native extension for WindowsStandalone target not found
Native extension for WebGL target not found
Assembly with name 'AllIn1SpriteShaderAssembly' already exists (Assets/AllIn1SpriteShader/AllIn1SpriteShaderAssembly.asmdef)
Assembly with name 'AllIn1SpriteShaderAssembly' already exists (Assets/Plugins/AllIn1SpriteShader/AllIn1SpriteShaderAssembly.asmdef)
Mono: successfully reloaded assembly
- Finished resetting the current domain, in  2.164 seconds
Domain Reload Profiling: 3077ms
	BeginReloadAssembly (257ms)
		ExecutionOrderSort (0ms)
		DisableScriptedObjects (21ms)
		BackupInstance (0ms)
		ReleaseScriptingObjects (0ms)
		CreateAndSetChildDomain (70ms)
	RebuildCommonClasses (51ms)
	RebuildNativeTypeToScriptingClass (19ms)
	initialDomainReloadingComplete (46ms)
	LoadAllAssembliesAndSetupDomain (539ms)
		LoadAssemblies (575ms)
		RebuildTransferFunctionScriptingTraits (0ms)
		AnalyzeDomain (83ms)
			TypeCache.Refresh (21ms)
				TypeCache.ScanAssembly (3ms)
			ScanForSourceGeneratedMonoScriptInfo (42ms)
			ResolveRequiredComponents (18ms)
	FinalizeReload (2165ms)
		ReleaseScriptCaches (0ms)
		RebuildScriptCaches (0ms)
		SetupLoadedEditorAssemblies (955ms)
			LogAssemblyErrors (0ms)
			InitializePlatformSupportModulesInManaged (6ms)
			SetLoadedEditorAssemblies (9ms)
			RefreshPlugins (0ms)
			BeforeProcessingInitializeOnLoad (208ms)
			ProcessInitializeOnLoadAttributes (659ms)
			ProcessInitializeOnLoadMethodAttributes (67ms)
			AfterProcessingInitializeOnLoad (7ms)
			EditorAssembliesLoaded (0ms)
		ExecutionOrderSort2 (0ms)
		AwakeInstancesAfterBackupRestoration (15ms)
Refreshing native plugins compatible for Editor in 7.52 ms, found 4 plugins.
Preloading 0 native plugins for Editor in 0.00 ms.
Unloading 5637 Unused Serialized files (Serialized files now loaded: 0)
Unloading 70 unused Assets / (1.2 MB). Loaded Objects now: 6238.
Memory consumption went from 207.3 MB to 206.1 MB.
Total: 5.902500 ms (FindLiveObjects: 0.559400 ms CreateObjectMapping: 0.359800 ms MarkObjects: 4.197600 ms  DeleteObjects: 0.784300 ms)

Prepare: number of updated asset objects reloaded= 0
AssetImportParameters requested are different than current active one (requested -> active):
  custom:container-demuxer-ogg: 62fdf1f143b41e24485cea50d1cbac27 -> 
  custom:video-codec-MediaFoundation-h265: 746d11721c4dcdbdad8f713fa42b33f4 -> 
  custom:scripting/monoscript/fileName/All1CreateUnifiedOutline.cs: 9177c731c034f969046f45026a369caf -> dff7a02b0d54d20f98f5310bafe6a7af
  custom:video-decoder-ogg-theora: a1e56fd34408186e4bbccfd4996cb3dc -> 
  custom:scripting/monoscript/fileName/DemoRandomColorSwap.cs: 782e9dfa31961ca4625a38f08a1c4fe1 -> f4507f2b11d81b75b3343c92e1fec2ec
  custom:framework-win-MediaFoundation: 216162199b28c13a410421893ffa2e32 -> 
  custom:scripting/monoscript/fileName/RandomSeed.cs: 66e918895f751f18fe77664865f21209 -> 31c281429808a6bef880757466921f63
  custom:scripting/monoscript/fileName/Demo2AutoScroll.cs: 887cd006e949c9cf83c77c5db661395f -> 6e1e3066870399ae4776caf1e85339dd
  custom:scripting/monoscript/fileName/AllIn1SpriteShaderMaterialInspector.cs: 3f5a07605f69fb0e1b77e2bffecc894f -> 6f392e57497cff8826e8de7616c7e173
  custom:CustomObjectIndexerAttribute: 62b5816608c3102f162a1797e29626cf -> 
  custom:scripting/monoscript/fileName/All1ShaderDemoController.cs: 7ca104439e2f70d9cbf4821e61748839 -> 2851aa2c3db120b3d505936720ff16fd
  custom:container-demuxer-webm: 4f35f7cbe854078d1ac9338744f61a02 -> 
  custom:scripting/monoscript/fileName/All1TextureOffsetOverTime.cs: 14dc630574947f985b70ba814ab83d43 -> 4e1b481827cea9a8a2a6605bca745a4a
  custom:container-muxer-webm: aa71ff27fc2769a1b78a27578f13a17b -> 
  custom:video-decoder-webm-vp8: 9c59270c3fd7afecdb556c50c9e8de78 -> 
  custom:scripting/monoscript/fileName/AllIn1ShaderWindow.cs: 46dcccaa547e428511542a29115f1d8c -> ad28510c9554634cb4f4adbfc7d7ca85
  custom:SearchIndexIgnoredProperties: e643bd26f0fe6173181afceb89e7c659 -> 
  custom:scripting/monoscript/fileName/AllIn1ScrollProperty.cs: 2638bbb0b387a7e19a73d18aeb8c98fc -> f4672fdb28197f527da128d3bc55d998
  custom:AudioImporter_EditorPlatform: d09bf68614088b80899f8185d706f6e7 -> 
  custom:scripting/monoscript/fileName/AllIn1SpriteShaderUiMaskMaterialInspector.cs: 306fe06aba287348d992bd9ae961888e -> ef61fd915fa30a65866a32345b2ba2ec
  custom:scripting/monoscript/fileName/SetGlobalTimeNew.cs: 6e2336a11695d7a60ecc5bb39f862ef3 -> 1f1c0fea06d217555c6eef6d8fb9d227
  custom:scripting/monoscript/fileName/DemoItem.cs: 05de40c919e1b9877add80eaa46d94b8 -> b5d797a0df281eddbb5652a0f0097788
  custom:scripting/monoscript/fileName/SetGlobalTimeUnity2018.cs: 5ba5fe477af27eabd4893b74f24066a4 -> 2eb6788504548690940fd370d2e826a8
  custom:scripting/monoscript/fileName/DemoRepositionExpositor.cs: eb702e123716d7af3c0359ac6caa69b6 -> 658a39770c664ed6f78c3e55bd2d3512
  custom:scripting/monoscript/fileName/DemoCamera.cs: a263a402f5ad08bdb5bb22e7d0488179 -> 97b61e0cc3d74649fb0e81d9fdf5d23d
  custom:video-encoder-webm-vp8: eb34c28f22e8b96e1ab97ce403110664 -> 
  custom:audio-decoder-ogg-vorbis: bf7c407c2cedff20999df2af8eb42d56 -> 
  custom:scripting/monoscript/fileName/DemoCircleExpositor.cs: 6b55c4f106e461273e0a2a426eaf8f5e -> 44fad4572748ed0f089597bb14d38023
  custom:scripting/monoscript/fileName/AllIn1ShaderScriptEditor.cs: c2068916860c54ac53375cbf926622ea -> 6f705b5b4fa261b4f4cc6a77eacdd89b
  custom:scripting/monoscript/fileName/AllIn1ShaderGradientDrawer.cs: fac617c25016525cae4ce6f8dbfe1124 -> 8a1b20b4c4f9f235970218c45fd39810
  custom:scripting/monoscript/fileName/SetAtlasUvs.cs: 46814bd5a11c094d45125808b29a0db5 -> 264c3b631da59a39362ee8c75c20361a
  custom:scripting/monoscript/fileName/AllIn1Shader.cs: e21a3ac3362430a80f87f0cf00635871 -> 1efee71310b5185d23a3167dc3d29db1
  custom:audio-encoder-webm-vorbis: bf7c407c2cedff20999df2af8eb42d56 -> 
========================================================================
Received Import Request.
  Time since last request: 65.081859 seconds.
  path: Assets/Plugins/AllIn1SpriteShader
  artifactKey: Guid(239cb4c6d67f3b74a9d1184d663c90ea) Importer(815301076,1909f56bfc062723c751e8b465ee728b)
Start importing Assets/Plugins/AllIn1SpriteShader using Guid(239cb4c6d67f3b74a9d1184d663c90ea) Importer(815301076,1909f56bfc062723c751e8b465ee728b)  -> (artifact id: '7e136e9bfa00a21593d0f286729c7f83') in 0.002591 seconds
Number of updated asset objects reloaded before import = 0
Number of asset objects unloaded after import = 0
