Using pre-set license
Built from '2022.3/china_unity/release' branch; Version is '2022.3.20f1c1 (82a5dab7aa2a) revision 8562138'; Using compiler version '192829333'; Build Type 'Release'
OS: 'Windows 10  (10.0.19045) 64bit CoreCountrySpecific' Language: 'zh' Physical Memory: 16110 MB
BatchMode: 1, IsHumanControllingUs: 0, StartBugReporterOnCrash: 0, Is64bit: 1, IsPro: 1

COMMAND LINE ARGUMENTS:
E:\Unity\2022.3.20f1c1\Editor\Unity.exe
-adb2
-batchMode
-noUpm
-name
AssetImportWorker0
-projectPath
F:/Unity/Unity files/4_Shader/GGj_2025_2D
-logFile
Logs/AssetImportWorker0.log
-srvPort
57755
Successfully changed project path to: F:/Unity/Unity files/4_Shader/GGj_2025_2D
F:/Unity/Unity files/4_Shader/GGj_2025_2D
[UnityMemory] Configuration Parameters - Can be set up in boot.config
    "memorysetup-bucket-allocator-granularity=16"
    "memorysetup-bucket-allocator-bucket-count=8"
    "memorysetup-bucket-allocator-block-size=33554432"
    "memorysetup-bucket-allocator-block-count=8"
    "memorysetup-main-allocator-block-size=16777216"
    "memorysetup-thread-allocator-block-size=16777216"
    "memorysetup-gfx-main-allocator-block-size=16777216"
    "memorysetup-gfx-thread-allocator-block-size=16777216"
    "memorysetup-cache-allocator-block-size=4194304"
    "memorysetup-typetree-allocator-block-size=2097152"
    "memorysetup-profiler-bucket-allocator-granularity=16"
    "memorysetup-profiler-bucket-allocator-bucket-count=8"
    "memorysetup-profiler-bucket-allocator-block-size=33554432"
    "memorysetup-profiler-bucket-allocator-block-count=8"
    "memorysetup-profiler-allocator-block-size=16777216"
    "memorysetup-profiler-editor-allocator-block-size=1048576"
    "memorysetup-temp-allocator-size-main=16777216"
    "memorysetup-job-temp-allocator-block-size=2097152"
    "memorysetup-job-temp-allocator-block-size-background=1048576"
    "memorysetup-job-temp-allocator-reduction-small-platforms=262144"
    "memorysetup-allocator-temp-initial-block-size-main=262144"
    "memorysetup-allocator-temp-initial-block-size-worker=262144"
    "memorysetup-temp-allocator-size-background-worker=32768"
    "memorysetup-temp-allocator-size-job-worker=262144"
    "memorysetup-temp-allocator-size-preload-manager=33554432"
    "memorysetup-temp-allocator-size-nav-mesh-worker=65536"
    "memorysetup-temp-allocator-size-audio-worker=65536"
    "memorysetup-temp-allocator-size-cloud-worker=32768"
    "memorysetup-temp-allocator-size-gi-baking-worker=262144"
    "memorysetup-temp-allocator-size-gfx=262144"
Player connection [24820] Host "[IP] 10.0.0.210 [Port] 0 [Flags] 2 [Guid] 1555204846 [EditorId] 1555204846 [Version] 1048832 [Id] WindowsEditor(7,DESKTOP-CUEOEU5) [Debug] 1 [PackageName] WindowsEditor [ProjectName] Editor" joined multi-casting on [225.0.0.222:54997]...

Player connection [24820] Host "[IP] 10.0.0.210 [Port] 0 [Flags] 2 [Guid] 1555204846 [EditorId] 1555204846 [Version] 1048832 [Id] WindowsEditor(7,DESKTOP-CUEOEU5) [Debug] 1 [PackageName] WindowsEditor [ProjectName] Editor" joined alternative multi-casting on [225.0.0.222:34997]...

[Physics::Module] Initialized MultithreadedJobDispatcher with 11 workers.
Refreshing native plugins compatible for Editor in 133.63 ms, found 4 plugins.
Preloading 0 native plugins for Editor in 0.00 ms.
Initialize engine version: 2022.3.20f1c1 (82a5dab7aa2a)
[Subsystems] Discovering subsystems at path E:/Unity/2022.3.20f1c1/Editor/Data/Resources/UnitySubsystems
[Subsystems] Discovering subsystems at path F:/Unity/Unity files/4_Shader/GGj_2025_2D/Assets
GfxDevice: creating device client; threaded=0; jobified=0
Direct3D:
    Version:  Direct3D 11.0 [level 11.1]
    Renderer: NVIDIA GeForce RTX 3050 Laptop GPU (ID=0x25a2)
    Vendor:   NVIDIA
    VRAM:     3964 MB
    Driver:   32.0.15.5612
Initialize mono
Mono path[0] = 'E:/Unity/2022.3.20f1c1/Editor/Data/Managed'
Mono path[1] = 'E:/Unity/2022.3.20f1c1/Editor/Data/MonoBleedingEdge/lib/mono/unityjit-win32'
Mono config path = 'E:/Unity/2022.3.20f1c1/Editor/Data/MonoBleedingEdge/etc'
Using monoOptions --debugger-agent=transport=dt_socket,embedding=1,server=y,suspend=n,address=127.0.0.1:56908
Begin MonoManager ReloadAssembly
Registering precompiled unity dll's ...
Register platform support module: E:/Unity/2022.3.20f1c1/Editor/Data/PlaybackEngines/WebGLSupport/UnityEditor.WebGL.Extensions.dll
Register platform support module: E:/Unity/2022.3.20f1c1/Editor/Data/PlaybackEngines/WindowsStandaloneSupport/UnityEditor.WindowsStandalone.Extensions.dll
Registered in 0.045102 seconds.
- Loaded All Assemblies, in  1.731 seconds
Native extension for WindowsStandalone target not found
Native extension for WebGL target not found
Mono: successfully reloaded assembly
- Finished resetting the current domain, in  1.258 seconds
Domain Reload Profiling: 2983ms
	BeginReloadAssembly (495ms)
		ExecutionOrderSort (0ms)
		DisableScriptedObjects (0ms)
		BackupInstance (0ms)
		ReleaseScriptingObjects (0ms)
		CreateAndSetChildDomain (4ms)
	RebuildCommonClasses (181ms)
	RebuildNativeTypeToScriptingClass (56ms)
	initialDomainReloadingComplete (294ms)
	LoadAllAssembliesAndSetupDomain (696ms)
		LoadAssemblies (482ms)
		RebuildTransferFunctionScriptingTraits (0ms)
		AnalyzeDomain (689ms)
			TypeCache.Refresh (685ms)
				TypeCache.ScanAssembly (625ms)
			ScanForSourceGeneratedMonoScriptInfo (1ms)
			ResolveRequiredComponents (2ms)
	FinalizeReload (1260ms)
		ReleaseScriptCaches (0ms)
		RebuildScriptCaches (0ms)
		SetupLoadedEditorAssemblies (973ms)
			LogAssemblyErrors (0ms)
			InitializePlatformSupportModulesInManaged (36ms)
			SetLoadedEditorAssemblies (26ms)
			RefreshPlugins (0ms)
			BeforeProcessingInitializeOnLoad (10ms)
			ProcessInitializeOnLoadAttributes (664ms)
			ProcessInitializeOnLoadMethodAttributes (236ms)
			AfterProcessingInitializeOnLoad (0ms)
			EditorAssembliesLoaded (0ms)
		ExecutionOrderSort2 (0ms)
		AwakeInstancesAfterBackupRestoration (0ms)
========================================================================
Worker process is ready to serve import requests
Begin MonoManager ReloadAssembly
- Loaded All Assemblies, in  3.682 seconds
Refreshing native plugins compatible for Editor in 30.50 ms, found 4 plugins.
Native extension for WindowsStandalone target not found
Native extension for WebGL target not found
System.Exception: Error! Visual Scripting: couldn't find visual scripting package
  at Unity.VisualScripting.PackageVersionUtility.get_version () [0x00025] in .\Library\PackageCache\com.unity.visualscripting@1.9.4\Editor\VisualScripting.Core\Utilities\PackageVersionUtility.cs:22 
  at Unity.VisualScripting.BoltCoreManifest.get_version () [0x00000] in .\Library\PackageCache\com.unity.visualscripting@1.9.4\Editor\VisualScripting.Core\Plugin\BoltCoreManifest.cs:11 
  at Unity.VisualScripting.PluginManifest.get_currentVersion () [0x00000] in .\Library\PackageCache\com.unity.visualscripting@1.9.4\Editor\VisualScripting.Core\Plugins\PluginManifest.cs:33 
  at Unity.VisualScripting.PluginManifest.get_versionMismatch () [0x00000] in .\Library\PackageCache\com.unity.visualscripting@1.9.4\Editor\VisualScripting.Core\Plugins\PluginManifest.cs:48 
  at Unity.VisualScripting.PluginContainer.Initialize () [0x0057d] in .\Library\PackageCache\com.unity.visualscripting@1.9.4\Editor\VisualScripting.Core\Plugins\PluginContainer.cs:208 
  at Unity.VisualScripting.PluginContainer.InitializeOnLoad () [0x00012] in .\Library\PackageCache\com.unity.visualscripting@1.9.4\Editor\VisualScripting.Core\Plugins\PluginContainer.cs:32 
  at Unity.VisualScripting.VSUsageUtility.DoInitializeOnLoadCalls () [0x00044] in .\Library\PackageCache\com.unity.visualscripting@1.9.4\Editor\VisualScripting.Core\Utilities\VSUsageUtility.cs:76 
  at Unity.VisualScripting.VSUsageUtility.set_isVisualScriptingUsed (System.Boolean value) [0x00037] in .\Library\PackageCache\com.unity.visualscripting@1.9.4\Editor\VisualScripting.Core\Utilities\VSUsageUtility.cs:114 
  at Unity.VisualScripting.VSUsageUtility.CheckAndSetIsVisualScriptingUsed () [0x0003f] in .\Library\PackageCache\com.unity.visualscripting@1.9.4\Editor\VisualScripting.Core\Utilities\VSUsageUtility.cs:48 
  at Unity.VisualScripting.VSUsageUtility..cctor () [0x0000d] in .\Library\PackageCache\com.unity.visualscripting@1.9.4\Editor\VisualScripting.Core\Utilities\VSUsageUtility.cs:22 
UnityEngine.StackTraceUtility:ExtractStackTrace ()
UnityEngine.DebugLogHandler:LogFormat (UnityEngine.LogType,UnityEngine.Object,string,object[])
UnityEngine.Logger:Log (UnityEngine.LogType,object)
UnityEngine.Debug:LogError (object)
UnityEditor.EditorAssemblies:ProcessInitializeOnLoadAttributes (System.Type[])

Mono: successfully reloaded assembly
- Finished resetting the current domain, in  7.365 seconds
Domain Reload Profiling: 11022ms
	BeginReloadAssembly (661ms)
		ExecutionOrderSort (0ms)
		DisableScriptedObjects (22ms)
		BackupInstance (0ms)
		ReleaseScriptingObjects (1ms)
		CreateAndSetChildDomain (90ms)
	RebuildCommonClasses (192ms)
	RebuildNativeTypeToScriptingClass (62ms)
	initialDomainReloadingComplete (227ms)
	LoadAllAssembliesAndSetupDomain (2513ms)
		LoadAssemblies (1720ms)
		RebuildTransferFunctionScriptingTraits (0ms)
		AnalyzeDomain (1161ms)
			TypeCache.Refresh (948ms)
				TypeCache.ScanAssembly (883ms)
			ScanForSourceGeneratedMonoScriptInfo (147ms)
			ResolveRequiredComponents (61ms)
	FinalizeReload (7367ms)
		ReleaseScriptCaches (0ms)
		RebuildScriptCaches (0ms)
		SetupLoadedEditorAssemblies (6454ms)
			LogAssemblyErrors (0ms)
			InitializePlatformSupportModulesInManaged (34ms)
			SetLoadedEditorAssemblies (33ms)
			RefreshPlugins (0ms)
			BeforeProcessingInitializeOnLoad (817ms)
			ProcessInitializeOnLoadAttributes (5178ms)
			ProcessInitializeOnLoadMethodAttributes (349ms)
			AfterProcessingInitializeOnLoad (41ms)
			EditorAssembliesLoaded (1ms)
		ExecutionOrderSort2 (0ms)
		AwakeInstancesAfterBackupRestoration (33ms)
Launched and connected shader compiler UnityShaderCompiler.exe after 0.32 seconds
Refreshing native plugins compatible for Editor in 16.34 ms, found 4 plugins.
Preloading 0 native plugins for Editor in 0.00 ms.
Unloading 5783 Unused Serialized files (Serialized files now loaded: 0)
Unloading 132 unused Assets / (3.7 MB). Loaded Objects now: 6203.
Memory consumption went from 223.4 MB to 219.6 MB.
Total: 37.635500 ms (FindLiveObjects: 0.974100 ms CreateObjectMapping: 0.822000 ms MarkObjects: 29.728800 ms  DeleteObjects: 6.106000 ms)

AssetImportParameters requested are different than current active one (requested -> active):
  custom:container-demuxer-ogg: 62fdf1f143b41e24485cea50d1cbac27 -> 
  custom:video-codec-MediaFoundation-h265: 746d11721c4dcdbdad8f713fa42b33f4 -> 
  custom:video-decoder-ogg-theora: a1e56fd34408186e4bbccfd4996cb3dc -> 
  custom:framework-win-MediaFoundation: 216162199b28c13a410421893ffa2e32 -> 
  custom:CustomObjectIndexerAttribute: 62b5816608c3102f162a1797e29626cf -> 
  custom:container-demuxer-webm: 4f35f7cbe854078d1ac9338744f61a02 -> 
  custom:container-muxer-webm: aa71ff27fc2769a1b78a27578f13a17b -> 
  custom:video-decoder-webm-vp8: 9c59270c3fd7afecdb556c50c9e8de78 -> 
  custom:SearchIndexIgnoredProperties: e643bd26f0fe6173181afceb89e7c659 -> 
  custom:AudioImporter_EditorPlatform: d09bf68614088b80899f8185d706f6e7 -> 
  custom:video-encoder-webm-vp8: eb34c28f22e8b96e1ab97ce403110664 -> 
  custom:audio-decoder-ogg-vorbis: bf7c407c2cedff20999df2af8eb42d56 -> 
  custom:audio-encoder-webm-vorbis: bf7c407c2cedff20999df2af8eb42d56 -> 
========================================================================
Received Import Request.
  Time since last request: 39261.697947 seconds.
  path: Assets/Scripts/Shader/全局特效
  artifactKey: Guid(bcd546ab11178a345a2f87b78a180f35) Importer(815301076,1909f56bfc062723c751e8b465ee728b)
Start importing Assets/Scripts/Shader/全局特效 using Guid(bcd546ab11178a345a2f87b78a180f35) Importer(815301076,1909f56bfc062723c751e8b465ee728b)  -> (artifact id: '5234ac7ac7cf9b8dc279766492e3bbf0') in 0.007877 seconds
Number of updated asset objects reloaded before import = 0
Number of asset objects unloaded after import = 0
========================================================================
Received Import Request.
  Time since last request: 17.853409 seconds.
  path: Assets/Scripts/Shader/全局特效/ScreenShader.mat
  artifactKey: Guid(4133adc8725ef854c816ae682330d6b2) Importer(815301076,1909f56bfc062723c751e8b465ee728b)
Start importing Assets/Scripts/Shader/全局特效/ScreenShader.mat using Guid(4133adc8725ef854c816ae682330d6b2) Importer(815301076,1909f56bfc062723c751e8b465ee728b)  -> (artifact id: 'ce808c32dff18d75bbb2d4106ecfbfc0') in 1.127133 seconds
Number of updated asset objects reloaded before import = 0
Number of asset objects unloaded after import = 3
========================================================================
Received Import Request.
  Time since last request: 9.187703 seconds.
  path: Assets/Scripts/Shader/全局特效/ScreenShader.mat
  artifactKey: Guid(4133adc8725ef854c816ae682330d6b2) Importer(815301076,1909f56bfc062723c751e8b465ee728b)
Start importing Assets/Scripts/Shader/全局特效/ScreenShader.mat using Guid(4133adc8725ef854c816ae682330d6b2) Importer(815301076,1909f56bfc062723c751e8b465ee728b)  -> (artifact id: '8dbb902f509ccf1f197bc3c959ad26fa') in 0.163049 seconds
Number of updated asset objects reloaded before import = 0
Number of asset objects unloaded after import = 7
========================================================================
Received Import Request.
  Time since last request: 29.425972 seconds.
  path: Assets/Scripts/Shader/全局特效/ScreenShader.mat
  artifactKey: Guid(4133adc8725ef854c816ae682330d6b2) Importer(815301076,1909f56bfc062723c751e8b465ee728b)
Start importing Assets/Scripts/Shader/全局特效/ScreenShader.mat using Guid(4133adc8725ef854c816ae682330d6b2) Importer(815301076,1909f56bfc062723c751e8b465ee728b)  -> (artifact id: '4feb0ab5eba39583e5a716c437e82f1e') in 0.124135 seconds
Number of updated asset objects reloaded before import = 0
Number of asset objects unloaded after import = 7
========================================================================
Received Import Request.
  Time since last request: 48.077732 seconds.
  path: Assets/Scripts/Shader/全局特效/ScreenShader.mat
  artifactKey: Guid(4133adc8725ef854c816ae682330d6b2) Importer(815301076,1909f56bfc062723c751e8b465ee728b)
Start importing Assets/Scripts/Shader/全局特效/ScreenShader.mat using Guid(4133adc8725ef854c816ae682330d6b2) Importer(815301076,1909f56bfc062723c751e8b465ee728b)  -> (artifact id: '8935294ebca61a4b423b017d9b2b7add') in 0.071848 seconds
Number of updated asset objects reloaded before import = 0
Number of asset objects unloaded after import = 7
========================================================================
Received Import Request.
  Time since last request: 2.647155 seconds.
  path: Assets/Scripts/Shader/全局特效/全局特效.prefab
  artifactKey: Guid(85a5370c88d04254297e3d6709dc1524) Importer(815301076,1909f56bfc062723c751e8b465ee728b)
Start importing Assets/Scripts/Shader/全局特效/全局特效.prefab using Guid(85a5370c88d04254297e3d6709dc1524) Importer(815301076,1909f56bfc062723c751e8b465ee728b)  -> (artifact id: 'd1e7975b3f26d4d1d10bfd7557e615cf') in 0.043895 seconds
Number of updated asset objects reloaded before import = 0
Number of asset objects unloaded after import = 13
========================================================================
Received Import Request.
  Time since last request: 15.977108 seconds.
  path: Assets/Scripts/Shader/清醒值特效
  artifactKey: Guid(b16b2fedfc93817439b9343223dc1bfd) Importer(815301076,1909f56bfc062723c751e8b465ee728b)
Start importing Assets/Scripts/Shader/清醒值特效 using Guid(b16b2fedfc93817439b9343223dc1bfd) Importer(815301076,1909f56bfc062723c751e8b465ee728b)  -> (artifact id: 'd0d7185e737b6ae5aa22bab1f21aae4e') in 0.001592 seconds
Number of updated asset objects reloaded before import = 0
Number of asset objects unloaded after import = 0
========================================================================
Received Import Request.
  Time since last request: 84.280713 seconds.
  path: Assets/Plugins/AllIn1SpriteShader/Demo/Textures/spaceSoldier.png
  artifactKey: Guid(519dafacd208bb64c83d5124be03b09d) Importer(815301076,1909f56bfc062723c751e8b465ee728b)
Start importing Assets/Plugins/AllIn1SpriteShader/Demo/Textures/spaceSoldier.png using Guid(519dafacd208bb64c83d5124be03b09d) Importer(815301076,1909f56bfc062723c751e8b465ee728b)  -> (artifact id: 'c9344159ea7ef2d1fec063e173a73c53') in 0.175202 seconds
Number of updated asset objects reloaded before import = 0
Number of asset objects unloaded after import = 3
========================================================================
Received Import Request.
  Time since last request: 0.000083 seconds.
  path: Assets/Plugins/AllIn1SpriteShader/Demo/Textures/spaceSoldierColorSwap.png
  artifactKey: Guid(065da6c7b90ca904dab9cbc6b415fd19) Importer(815301076,1909f56bfc062723c751e8b465ee728b)
Start importing Assets/Plugins/AllIn1SpriteShader/Demo/Textures/spaceSoldierColorSwap.png using Guid(065da6c7b90ca904dab9cbc6b415fd19) Importer(815301076,1909f56bfc062723c751e8b465ee728b)  -> (artifact id: 'ec64e4d86907e25fcadf5f9a76f7a5ba') in 0.092737 seconds
Number of updated asset objects reloaded before import = 0
Number of asset objects unloaded after import = 3
========================================================================
Received Import Request.
  Time since last request: 50.520557 seconds.
  path: Assets/Plugins/AllIn1SpriteShader/Textures/seamlessNoise.png
  artifactKey: Guid(7aad8c583ef292e48b06af0d1f2fab97) Importer(815301076,1909f56bfc062723c751e8b465ee728b)
Start importing Assets/Plugins/AllIn1SpriteShader/Textures/seamlessNoise.png using Guid(7aad8c583ef292e48b06af0d1f2fab97) Importer(815301076,1909f56bfc062723c751e8b465ee728b)  -> (artifact id: '107816db1d40be46bb60c565a4ad2597') in 0.136139 seconds
Number of updated asset objects reloaded before import = 0
Number of asset objects unloaded after import = 3
========================================================================
Received Import Request.
  Time since last request: 101.631973 seconds.
  path: Assets/Plugins/AllIn1SpriteShader/Demo/Textures/Square.png
  artifactKey: Guid(fab06e0be9375cc4d823efa71629885c) Importer(815301076,1909f56bfc062723c751e8b465ee728b)
Start importing Assets/Plugins/AllIn1SpriteShader/Demo/Textures/Square.png using Guid(fab06e0be9375cc4d823efa71629885c) Importer(815301076,1909f56bfc062723c751e8b465ee728b)  -> (artifact id: 'ff1895b151f4bbbada532c23c9eca80b') in 0.125832 seconds
Number of updated asset objects reloaded before import = 0
Number of asset objects unloaded after import = 3
========================================================================
Received Import Request.
  Time since last request: 1083.334439 seconds.
  path: Assets/Plugins/AllIn1SpriteShader/Demo/Textures/snowFlake.png
  artifactKey: Guid(ab4465ab72ca5544da8e8dd1110b6973) Importer(815301076,1909f56bfc062723c751e8b465ee728b)
Start importing Assets/Plugins/AllIn1SpriteShader/Demo/Textures/snowFlake.png using Guid(ab4465ab72ca5544da8e8dd1110b6973) Importer(815301076,1909f56bfc062723c751e8b465ee728b)  -> (artifact id: 'fb9041165bb3da03dabac5f64c4f2ab3') in 0.053993 seconds
Number of updated asset objects reloaded before import = 0
Number of asset objects unloaded after import = 3
========================================================================
Received Import Request.
  Time since last request: 1.082313 seconds.
  path: Assets/Plugins/AllIn1SpriteShader/Demo/Textures/splotch.png
  artifactKey: Guid(51caeab4d98b55046a9013cc2da7e427) Importer(815301076,1909f56bfc062723c751e8b465ee728b)
Start importing Assets/Plugins/AllIn1SpriteShader/Demo/Textures/splotch.png using Guid(51caeab4d98b55046a9013cc2da7e427) Importer(815301076,1909f56bfc062723c751e8b465ee728b)  -> (artifact id: 'beab56b967df9d8f3f2443edf1844552') in 0.040184 seconds
Number of updated asset objects reloaded before import = 0
Number of asset objects unloaded after import = 3
========================================================================
Received Import Request.
  Time since last request: 0.283561 seconds.
  path: Assets/Plugins/AllIn1SpriteShader/Demo/Textures/spark.png
  artifactKey: Guid(b382c41f6a534374390fe6d5e6e82ca8) Importer(815301076,1909f56bfc062723c751e8b465ee728b)
Start importing Assets/Plugins/AllIn1SpriteShader/Demo/Textures/spark.png using Guid(b382c41f6a534374390fe6d5e6e82ca8) Importer(815301076,1909f56bfc062723c751e8b465ee728b)  -> (artifact id: '354a862a0096c15fcf04c3ef14cfb457') in 0.042779 seconds
Number of updated asset objects reloaded before import = 0
Number of asset objects unloaded after import = 3
========================================================================
Received Import Request.
  Time since last request: 0.384874 seconds.
  path: Assets/Plugins/AllIn1SpriteShader/Demo/Textures/sunDoodle.png
  artifactKey: Guid(73d3cc63327012249b4f98eb9289311d) Importer(815301076,1909f56bfc062723c751e8b465ee728b)
Start importing Assets/Plugins/AllIn1SpriteShader/Demo/Textures/sunDoodle.png using Guid(73d3cc63327012249b4f98eb9289311d) Importer(815301076,1909f56bfc062723c751e8b465ee728b)  -> (artifact id: '89e5d9798db404b23d9b74bb40ca7c1c') in 0.042939 seconds
Number of updated asset objects reloaded before import = 0
Number of asset objects unloaded after import = 3
========================================================================
Received Import Request.
  Time since last request: 0.315086 seconds.
  path: Assets/Plugins/AllIn1SpriteShader/Textures/UVChecker.png
  artifactKey: Guid(a4a73598226c9dd48aedc26a44264bdf) Importer(815301076,1909f56bfc062723c751e8b465ee728b)
Start importing Assets/Plugins/AllIn1SpriteShader/Textures/UVChecker.png using Guid(a4a73598226c9dd48aedc26a44264bdf) Importer(815301076,1909f56bfc062723c751e8b465ee728b)  -> (artifact id: '346e7023ab7c29524b29608914c77753') in 0.046570 seconds
Number of updated asset objects reloaded before import = 0
Number of asset objects unloaded after import = 3
========================================================================
Received Import Request.
  Time since last request: 2.120421 seconds.
  path: Assets/Plugins/AllIn1SpriteShader/Demo/Textures/backMountain.png
  artifactKey: Guid(758ac31a9bff9ac4181f54de54a6ecb7) Importer(815301076,1909f56bfc062723c751e8b465ee728b)
Start importing Assets/Plugins/AllIn1SpriteShader/Demo/Textures/backMountain.png using Guid(758ac31a9bff9ac4181f54de54a6ecb7) Importer(815301076,1909f56bfc062723c751e8b465ee728b)  -> (artifact id: 'dcc83dd7ee2846e3ad99a17b7bd4fe01') in 0.049567 seconds
Number of updated asset objects reloaded before import = 0
Number of asset objects unloaded after import = 3
========================================================================
Received Import Request.
  Time since last request: 0.240986 seconds.
  path: Assets/Plugins/AllIn1SpriteShader/Textures/black.png
  artifactKey: Guid(0b8da974a6429b8489e21c2a5d8dd509) Importer(815301076,1909f56bfc062723c751e8b465ee728b)
Start importing Assets/Plugins/AllIn1SpriteShader/Textures/black.png using Guid(0b8da974a6429b8489e21c2a5d8dd509) Importer(815301076,1909f56bfc062723c751e8b465ee728b)  -> (artifact id: 'b877500ff2b97fbacc9a0eaf48f0d6fb') in 0.042944 seconds
Number of updated asset objects reloaded before import = 0
Number of asset objects unloaded after import = 3
========================================================================
Received Import Request.
  Time since last request: 1.255674 seconds.
  path: Assets/Plugins/AllIn1SpriteShader/Demo/Textures/BoyGirl.png
  artifactKey: Guid(07103c52b3aaeca4da8a83361edd059f) Importer(815301076,1909f56bfc062723c751e8b465ee728b)
Start importing Assets/Plugins/AllIn1SpriteShader/Demo/Textures/BoyGirl.png using Guid(07103c52b3aaeca4da8a83361edd059f) Importer(815301076,1909f56bfc062723c751e8b465ee728b)  -> (artifact id: 'd5bbe0962a713913a2dab4c4bd6b79ce') in 0.052528 seconds
Number of updated asset objects reloaded before import = 0
Number of asset objects unloaded after import = 4
========================================================================
Received Import Request.
  Time since last request: 49.153740 seconds.
  path: Assets/Arts
  artifactKey: Guid(c6c242b56dbb7cd40bd579d1b29617e8) Importer(815301076,1909f56bfc062723c751e8b465ee728b)
Start importing Assets/Arts using Guid(c6c242b56dbb7cd40bd579d1b29617e8) Importer(815301076,1909f56bfc062723c751e8b465ee728b)  -> (artifact id: '4a8ed29193aaeb7ca6d953cb51392a0f') in 0.010217 seconds
Number of updated asset objects reloaded before import = 0
Number of asset objects unloaded after import = 0
========================================================================
Received Import Request.
  Time since last request: 2.433558 seconds.
  path: Assets/Arts/Fonts
  artifactKey: Guid(0914972adc4f6904cbd44746952ab108) Importer(815301076,1909f56bfc062723c751e8b465ee728b)
Start importing Assets/Arts/Fonts using Guid(0914972adc4f6904cbd44746952ab108) Importer(815301076,1909f56bfc062723c751e8b465ee728b)  -> (artifact id: 'fed6f541ae25964b32cb3e4a4ffce7ea') in 0.013546 seconds
Number of updated asset objects reloaded before import = 0
Number of asset objects unloaded after import = 0
========================================================================
Received Import Request.
  Time since last request: 0.127873 seconds.
  path: Assets/Arts/Fonts/MSYH.TTC
  artifactKey: Guid(4034ff93884855642b7c08aa39b220ab) Importer(815301076,1909f56bfc062723c751e8b465ee728b)
Start importing Assets/Arts/Fonts/MSYH.TTC using Guid(4034ff93884855642b7c08aa39b220ab) Importer(815301076,1909f56bfc062723c751e8b465ee728b)  -> (artifact id: 'ad165d4fde55dc9f79d24cc17e92a74e') in 0.069593 seconds
Number of updated asset objects reloaded before import = 0
Number of asset objects unloaded after import = 5
========================================================================
Received Import Request.
  Time since last request: 0.099000 seconds.
  path: Assets/Arts/Fonts/MSYHL.TTC
  artifactKey: Guid(709575b6cd501a44d8b5784a94b0eb9a) Importer(815301076,1909f56bfc062723c751e8b465ee728b)
Start importing Assets/Arts/Fonts/MSYHL.TTC using Guid(709575b6cd501a44d8b5784a94b0eb9a) Importer(815301076,1909f56bfc062723c751e8b465ee728b)  -> (artifact id: 'ac0ecc20fe2971449c8e3ab6cf3664f4') in 0.063750 seconds
Number of updated asset objects reloaded before import = 0
Number of asset objects unloaded after import = 5
========================================================================
Received Import Request.
  Time since last request: 0.000039 seconds.
  path: Assets/Arts/Fonts/MSYHBD SDF.asset
  artifactKey: Guid(5e36e2ccacdb0984fa6861a234204d36) Importer(815301076,1909f56bfc062723c751e8b465ee728b)
Start importing Assets/Arts/Fonts/MSYHBD SDF.asset using Guid(5e36e2ccacdb0984fa6861a234204d36) Importer(815301076,1909f56bfc062723c751e8b465ee728b)  -> (artifact id: 'd373211d31ebfec359a9607f098d244a') in 0.057078 seconds
Number of updated asset objects reloaded before import = 0
Number of asset objects unloaded after import = 5
========================================================================
Received Import Request.
  Time since last request: 0.000064 seconds.
  path: Assets/Arts/Fonts/MSYHL SDF.asset
  artifactKey: Guid(b3ab7b1997133764ca9b6c13db85e51c) Importer(815301076,1909f56bfc062723c751e8b465ee728b)
Start importing Assets/Arts/Fonts/MSYHL SDF.asset using Guid(b3ab7b1997133764ca9b6c13db85e51c) Importer(815301076,1909f56bfc062723c751e8b465ee728b)  -> (artifact id: '5ebb8da746ab2af50be525b28b447dc9') in 0.041854 seconds
Number of updated asset objects reloaded before import = 0
Number of asset objects unloaded after import = 7
========================================================================
Received Import Request.
  Time since last request: 1.569962 seconds.
  path: Assets/Arts/Animation
  artifactKey: Guid(ec463c1ecdbb2814894b0f0a9e333708) Importer(815301076,1909f56bfc062723c751e8b465ee728b)
Start importing Assets/Arts/Animation using Guid(ec463c1ecdbb2814894b0f0a9e333708) Importer(815301076,1909f56bfc062723c751e8b465ee728b)  -> (artifact id: '988ac1dcf7b824fa0ff4a136a5274a9c') in 0.012073 seconds
Number of updated asset objects reloaded before import = 0
Number of asset objects unloaded after import = 0
========================================================================
Received Import Request.
  Time since last request: 1.681663 seconds.
  path: Assets/Editor
  artifactKey: Guid(5ca11324a0af08c4a8eb5f2d5907ad21) Importer(815301076,1909f56bfc062723c751e8b465ee728b)
Start importing Assets/Editor using Guid(5ca11324a0af08c4a8eb5f2d5907ad21) Importer(815301076,1909f56bfc062723c751e8b465ee728b)  -> (artifact id: 'd38e899d43abe8d73ec15ef34d1d808a') in 0.008897 seconds
Number of updated asset objects reloaded before import = 0
Number of asset objects unloaded after import = 0
